[0.135s] DEBUG:colcon:Command line arguments: ['/usr/bin/colcon', 'build', '--packages-select', 'drone_tracking_cpp']
[0.135s] DEBUG:colcon:Parsed command line arguments: Namespace(log_base=None, log_level=None, verb_name='build', build_base='build', install_base='install', merge_install=False, symlink_install=False, test_result_base=None, continue_on_error=False, executor='parallel', parallel_workers=4, event_handlers=None, ignore_user_meta=False, metas=['./colcon.meta'], base_paths=['.'], packages_ignore=None, packages_ignore_regex=None, paths=None, packages_up_to=None, packages_up_to_regex=None, packages_above=None, packages_above_and_dependencies=None, packages_above_depth=None, packages_select_by_dep=None, packages_skip_by_dep=None, packages_skip_up_to=None, packages_select_build_failed=False, packages_skip_build_finished=False, packages_select_test_failures=False, packages_skip_test_passed=False, packages_select=['drone_tracking_cpp'], packages_skip=None, packages_select_regex=None, packages_skip_regex=None, packages_start=None, packages_end=None, allow_overriding=[], cmake_args=None, cmake_target=None, cmake_target_skip_unavailable=False, cmake_clean_cache=False, cmake_clean_first=False, cmake_force_configure=False, ament_cmake_args=None, catkin_cmake_args=None, catkin_skip_building_tests=False, mixin_files=None, mixin=None, verb_parser=<colcon_mixin.mixin.mixin_argument.MixinArgumentDecorator object at 0x7889ca65df90>, verb_extension=<colcon_core.verb.build.BuildVerb object at 0x7889ca7d35e0>, main=<bound method BuildVerb.main of <colcon_core.verb.build.BuildVerb object at 0x7889ca7d35e0>>, mixin_verb=('build',))
[0.370s] Level 1:colcon.colcon_core.package_discovery:discover_packages(colcon_meta) check parameters
[0.370s] Level 1:colcon.colcon_core.package_discovery:discover_packages(recursive) check parameters
[0.370s] Level 1:colcon.colcon_core.package_discovery:discover_packages(ignore) check parameters
[0.370s] Level 1:colcon.colcon_core.package_discovery:discover_packages(path) check parameters
[0.370s] Level 1:colcon.colcon_core.package_discovery:discover_packages(colcon_meta) discover
[0.370s] Level 1:colcon.colcon_core.package_discovery:discover_packages(recursive) discover
[0.370s] INFO:colcon.colcon_core.package_discovery:Crawling recursively for packages in '/home/lacea/ros2_ws/src/Drone-Tracking'
[0.370s] Level 1:colcon.colcon_core.package_identification:_identify(.) by extensions ['ignore', 'ignore_ament_install']
[0.370s] Level 1:colcon.colcon_core.package_identification:_identify(.) by extension 'ignore'
[0.370s] Level 1:colcon.colcon_core.package_identification:_identify(.) by extension 'ignore_ament_install'
[0.370s] Level 1:colcon.colcon_core.package_identification:_identify(.) by extensions ['colcon_pkg']
[0.370s] Level 1:colcon.colcon_core.package_identification:_identify(.) by extension 'colcon_pkg'
[0.371s] Level 1:colcon.colcon_core.package_identification:_identify(.) by extensions ['colcon_meta']
[0.371s] Level 1:colcon.colcon_core.package_identification:_identify(.) by extension 'colcon_meta'
[0.371s] Level 1:colcon.colcon_core.package_identification:_identify(.) by extensions ['ros']
[0.371s] Level 1:colcon.colcon_core.package_identification:_identify(.) by extension 'ros'
[0.385s] Level 1:colcon.colcon_core.package_identification:_identify(.) by extensions ['cmake', 'python']
[0.385s] Level 1:colcon.colcon_core.package_identification:_identify(.) by extension 'cmake'
[0.385s] Level 1:colcon.colcon_core.package_identification:_identify(.) by extension 'python'
[0.386s] Level 1:colcon.colcon_core.package_identification:_identify(.) by extensions ['python_setup_py']
[0.386s] Level 1:colcon.colcon_core.package_identification:_identify(.) by extension 'python_setup_py'
[0.386s] Level 1:colcon.colcon_core.package_identification:_identify(build) by extensions ['ignore', 'ignore_ament_install']
[0.386s] Level 1:colcon.colcon_core.package_identification:_identify(build) by extension 'ignore'
[0.386s] Level 1:colcon.colcon_core.package_identification:_identify(build) ignored
[0.386s] Level 1:colcon.colcon_core.package_identification:_identify(drone_tracking_cpp) by extensions ['ignore', 'ignore_ament_install']
[0.386s] Level 1:colcon.colcon_core.package_identification:_identify(drone_tracking_cpp) by extension 'ignore'
[0.386s] Level 1:colcon.colcon_core.package_identification:_identify(drone_tracking_cpp) by extension 'ignore_ament_install'
[0.386s] Level 1:colcon.colcon_core.package_identification:_identify(drone_tracking_cpp) by extensions ['colcon_pkg']
[0.386s] Level 1:colcon.colcon_core.package_identification:_identify(drone_tracking_cpp) by extension 'colcon_pkg'
[0.386s] Level 1:colcon.colcon_core.package_identification:_identify(drone_tracking_cpp) by extensions ['colcon_meta']
[0.386s] Level 1:colcon.colcon_core.package_identification:_identify(drone_tracking_cpp) by extension 'colcon_meta'
[0.387s] Level 1:colcon.colcon_core.package_identification:_identify(drone_tracking_cpp) by extensions ['ros']
[0.387s] Level 1:colcon.colcon_core.package_identification:_identify(drone_tracking_cpp) by extension 'ros'
[0.390s] DEBUG:colcon.colcon_core.package_identification:Package 'drone_tracking_cpp' with type 'ros.ament_cmake' and name 'drone_tracking_cpp'
[0.390s] Level 1:colcon.colcon_core.package_identification:_identify(drone_tracking_py) by extensions ['ignore', 'ignore_ament_install']
[0.390s] Level 1:colcon.colcon_core.package_identification:_identify(drone_tracking_py) by extension 'ignore'
[0.390s] Level 1:colcon.colcon_core.package_identification:_identify(drone_tracking_py) by extension 'ignore_ament_install'
[0.390s] Level 1:colcon.colcon_core.package_identification:_identify(drone_tracking_py) by extensions ['colcon_pkg']
[0.390s] Level 1:colcon.colcon_core.package_identification:_identify(drone_tracking_py) by extension 'colcon_pkg'
[0.390s] Level 1:colcon.colcon_core.package_identification:_identify(drone_tracking_py) by extensions ['colcon_meta']
[0.390s] Level 1:colcon.colcon_core.package_identification:_identify(drone_tracking_py) by extension 'colcon_meta'
[0.391s] Level 1:colcon.colcon_core.package_identification:_identify(drone_tracking_py) by extensions ['ros']
[0.391s] Level 1:colcon.colcon_core.package_identification:_identify(drone_tracking_py) by extension 'ros'
[0.392s] DEBUG:colcon.colcon_core.package_identification:Package 'drone_tracking_py' with type 'ros.ament_python' and name 'drone_tracking_py'
[0.392s] Level 1:colcon.colcon_core.package_identification:_identify(install) by extensions ['ignore', 'ignore_ament_install']
[0.392s] Level 1:colcon.colcon_core.package_identification:_identify(install) by extension 'ignore'
[0.392s] Level 1:colcon.colcon_core.package_identification:_identify(install) ignored
[0.392s] Level 1:colcon.colcon_core.package_identification:_identify(log) by extensions ['ignore', 'ignore_ament_install']
[0.392s] Level 1:colcon.colcon_core.package_identification:_identify(log) by extension 'ignore'
[0.392s] Level 1:colcon.colcon_core.package_identification:_identify(log) ignored
[0.392s] Level 1:colcon.colcon_core.package_identification:_identify(rosvenv) by extensions ['ignore', 'ignore_ament_install']
[0.393s] Level 1:colcon.colcon_core.package_identification:_identify(rosvenv) by extension 'ignore'
[0.393s] Level 1:colcon.colcon_core.package_identification:_identify(rosvenv) by extension 'ignore_ament_install'
[0.393s] Level 1:colcon.colcon_core.package_identification:_identify(rosvenv) by extensions ['colcon_pkg']
[0.393s] Level 1:colcon.colcon_core.package_identification:_identify(rosvenv) by extension 'colcon_pkg'
[0.393s] Level 1:colcon.colcon_core.package_identification:_identify(rosvenv) by extensions ['colcon_meta']
[0.393s] Level 1:colcon.colcon_core.package_identification:_identify(rosvenv) by extension 'colcon_meta'
[0.393s] Level 1:colcon.colcon_core.package_identification:_identify(rosvenv) by extensions ['ros']
[0.393s] Level 1:colcon.colcon_core.package_identification:_identify(rosvenv) by extension 'ros'
[0.393s] Level 1:colcon.colcon_core.package_identification:_identify(rosvenv) by extensions ['cmake', 'python']
[0.393s] Level 1:colcon.colcon_core.package_identification:_identify(rosvenv) by extension 'cmake'
[0.393s] Level 1:colcon.colcon_core.package_identification:_identify(rosvenv) by extension 'python'
[0.393s] Level 1:colcon.colcon_core.package_identification:_identify(rosvenv) by extensions ['python_setup_py']
[0.393s] Level 1:colcon.colcon_core.package_identification:_identify(rosvenv) by extension 'python_setup_py'
[0.393s] Level 1:colcon.colcon_core.package_identification:_identify(rosvenv/include) by extensions ['ignore', 'ignore_ament_install']
[0.394s] Level 1:colcon.colcon_core.package_identification:_identify(rosvenv/include) by extension 'ignore'
[0.394s] Level 1:colcon.colcon_core.package_identification:_identify(rosvenv/include) by extension 'ignore_ament_install'
[0.394s] Level 1:colcon.colcon_core.package_identification:_identify(rosvenv/include) by extensions ['colcon_pkg']
[0.394s] Level 1:colcon.colcon_core.package_identification:_identify(rosvenv/include) by extension 'colcon_pkg'
[0.394s] Level 1:colcon.colcon_core.package_identification:_identify(rosvenv/include) by extensions ['colcon_meta']
[0.394s] Level 1:colcon.colcon_core.package_identification:_identify(rosvenv/include) by extension 'colcon_meta'
[0.394s] Level 1:colcon.colcon_core.package_identification:_identify(rosvenv/include) by extensions ['ros']
[0.394s] Level 1:colcon.colcon_core.package_identification:_identify(rosvenv/include) by extension 'ros'
[0.394s] Level 1:colcon.colcon_core.package_identification:_identify(rosvenv/include) by extensions ['cmake', 'python']
[0.394s] Level 1:colcon.colcon_core.package_identification:_identify(rosvenv/include) by extension 'cmake'
[0.394s] Level 1:colcon.colcon_core.package_identification:_identify(rosvenv/include) by extension 'python'
[0.394s] Level 1:colcon.colcon_core.package_identification:_identify(rosvenv/include) by extensions ['python_setup_py']
[0.394s] Level 1:colcon.colcon_core.package_identification:_identify(rosvenv/include) by extension 'python_setup_py'
[0.394s] Level 1:colcon.colcon_core.package_identification:_identify(simulation) by extensions ['ignore', 'ignore_ament_install']
[0.394s] Level 1:colcon.colcon_core.package_identification:_identify(simulation) by extension 'ignore'
[0.394s] Level 1:colcon.colcon_core.package_identification:_identify(simulation) by extension 'ignore_ament_install'
[0.395s] Level 1:colcon.colcon_core.package_identification:_identify(simulation) by extensions ['colcon_pkg']
[0.395s] Level 1:colcon.colcon_core.package_identification:_identify(simulation) by extension 'colcon_pkg'
[0.395s] Level 1:colcon.colcon_core.package_identification:_identify(simulation) by extensions ['colcon_meta']
[0.395s] Level 1:colcon.colcon_core.package_identification:_identify(simulation) by extension 'colcon_meta'
[0.395s] Level 1:colcon.colcon_core.package_identification:_identify(simulation) by extensions ['ros']
[0.395s] Level 1:colcon.colcon_core.package_identification:_identify(simulation) by extension 'ros'
[0.395s] Level 1:colcon.colcon_core.package_identification:_identify(simulation) by extensions ['cmake', 'python']
[0.395s] Level 1:colcon.colcon_core.package_identification:_identify(simulation) by extension 'cmake'
[0.395s] Level 1:colcon.colcon_core.package_identification:_identify(simulation) by extension 'python'
[0.395s] Level 1:colcon.colcon_core.package_identification:_identify(simulation) by extensions ['python_setup_py']
[0.395s] Level 1:colcon.colcon_core.package_identification:_identify(simulation) by extension 'python_setup_py'
[0.395s] Level 1:colcon.colcon_core.package_identification:_identify(simulation/models) by extensions ['ignore', 'ignore_ament_install']
[0.395s] Level 1:colcon.colcon_core.package_identification:_identify(simulation/models) by extension 'ignore'
[0.395s] Level 1:colcon.colcon_core.package_identification:_identify(simulation/models) by extension 'ignore_ament_install'
[0.395s] Level 1:colcon.colcon_core.package_identification:_identify(simulation/models) by extensions ['colcon_pkg']
[0.395s] Level 1:colcon.colcon_core.package_identification:_identify(simulation/models) by extension 'colcon_pkg'
[0.396s] Level 1:colcon.colcon_core.package_identification:_identify(simulation/models) by extensions ['colcon_meta']
[0.396s] Level 1:colcon.colcon_core.package_identification:_identify(simulation/models) by extension 'colcon_meta'
[0.396s] Level 1:colcon.colcon_core.package_identification:_identify(simulation/models) by extensions ['ros']
[0.396s] Level 1:colcon.colcon_core.package_identification:_identify(simulation/models) by extension 'ros'
[0.396s] Level 1:colcon.colcon_core.package_identification:_identify(simulation/models) by extensions ['cmake', 'python']
[0.396s] Level 1:colcon.colcon_core.package_identification:_identify(simulation/models) by extension 'cmake'
[0.396s] Level 1:colcon.colcon_core.package_identification:_identify(simulation/models) by extension 'python'
[0.396s] Level 1:colcon.colcon_core.package_identification:_identify(simulation/models) by extensions ['python_setup_py']
[0.396s] Level 1:colcon.colcon_core.package_identification:_identify(simulation/models) by extension 'python_setup_py'
[0.396s] Level 1:colcon.colcon_core.package_identification:_identify(simulation/worlds) by extensions ['ignore', 'ignore_ament_install']
[0.396s] Level 1:colcon.colcon_core.package_identification:_identify(simulation/worlds) by extension 'ignore'
[0.396s] Level 1:colcon.colcon_core.package_identification:_identify(simulation/worlds) by extension 'ignore_ament_install'
[0.396s] Level 1:colcon.colcon_core.package_identification:_identify(simulation/worlds) by extensions ['colcon_pkg']
[0.396s] Level 1:colcon.colcon_core.package_identification:_identify(simulation/worlds) by extension 'colcon_pkg'
[0.396s] Level 1:colcon.colcon_core.package_identification:_identify(simulation/worlds) by extensions ['colcon_meta']
[0.396s] Level 1:colcon.colcon_core.package_identification:_identify(simulation/worlds) by extension 'colcon_meta'
[0.397s] Level 1:colcon.colcon_core.package_identification:_identify(simulation/worlds) by extensions ['ros']
[0.397s] Level 1:colcon.colcon_core.package_identification:_identify(simulation/worlds) by extension 'ros'
[0.397s] Level 1:colcon.colcon_core.package_identification:_identify(simulation/worlds) by extensions ['cmake', 'python']
[0.397s] Level 1:colcon.colcon_core.package_identification:_identify(simulation/worlds) by extension 'cmake'
[0.397s] Level 1:colcon.colcon_core.package_identification:_identify(simulation/worlds) by extension 'python'
[0.397s] Level 1:colcon.colcon_core.package_identification:_identify(simulation/worlds) by extensions ['python_setup_py']
[0.397s] Level 1:colcon.colcon_core.package_identification:_identify(simulation/worlds) by extension 'python_setup_py'
[0.397s] Level 1:colcon.colcon_core.package_discovery:discover_packages(recursive) using defaults
[0.397s] Level 1:colcon.colcon_core.package_discovery:discover_packages(ignore) discover
[0.397s] Level 1:colcon.colcon_core.package_discovery:discover_packages(ignore) using defaults
[0.397s] Level 1:colcon.colcon_core.package_discovery:discover_packages(path) discover
[0.397s] Level 1:colcon.colcon_core.package_discovery:discover_packages(path) using defaults
[0.440s] INFO:colcon.colcon_core.package_selection:Skipping not selected package 'drone_tracking_py' in 'drone_tracking_py'
[0.441s] Level 1:colcon.colcon_core.package_discovery:discover_packages(prefix_path) check parameters
[0.441s] Level 1:colcon.colcon_core.package_discovery:discover_packages(prefix_path) discover
[0.446s] DEBUG:colcon.colcon_installed_package_information.package_discovery:Found 2 installed packages in /home/lacea/ros2_ws/install
[0.448s] DEBUG:colcon.colcon_installed_package_information.package_discovery:Found 286 installed packages in /opt/ros/humble
[0.450s] Level 1:colcon.colcon_core.package_discovery:discover_packages(prefix_path) using defaults
[0.511s] Level 5:colcon.colcon_core.verb:set package 'drone_tracking_cpp' build argument 'cmake_args' from command line to 'None'
[0.511s] Level 5:colcon.colcon_core.verb:set package 'drone_tracking_cpp' build argument 'cmake_target' from command line to 'None'
[0.511s] Level 5:colcon.colcon_core.verb:set package 'drone_tracking_cpp' build argument 'cmake_target_skip_unavailable' from command line to 'False'
[0.511s] Level 5:colcon.colcon_core.verb:set package 'drone_tracking_cpp' build argument 'cmake_clean_cache' from command line to 'False'
[0.511s] Level 5:colcon.colcon_core.verb:set package 'drone_tracking_cpp' build argument 'cmake_clean_first' from command line to 'False'
[0.511s] Level 5:colcon.colcon_core.verb:set package 'drone_tracking_cpp' build argument 'cmake_force_configure' from command line to 'False'
[0.511s] Level 5:colcon.colcon_core.verb:set package 'drone_tracking_cpp' build argument 'ament_cmake_args' from command line to 'None'
[0.511s] Level 5:colcon.colcon_core.verb:set package 'drone_tracking_cpp' build argument 'catkin_cmake_args' from command line to 'None'
[0.511s] Level 5:colcon.colcon_core.verb:set package 'drone_tracking_cpp' build argument 'catkin_skip_building_tests' from command line to 'False'
[0.512s] DEBUG:colcon.colcon_core.verb:Building package 'drone_tracking_cpp' with the following arguments: {'ament_cmake_args': None, 'build_base': '/home/lacea/ros2_ws/src/Drone-Tracking/build/drone_tracking_cpp', 'catkin_cmake_args': None, 'catkin_skip_building_tests': False, 'cmake_args': None, 'cmake_clean_cache': False, 'cmake_clean_first': False, 'cmake_force_configure': False, 'cmake_target': None, 'cmake_target_skip_unavailable': False, 'install_base': '/home/lacea/ros2_ws/src/Drone-Tracking/install/drone_tracking_cpp', 'merge_install': False, 'path': '/home/lacea/ros2_ws/src/Drone-Tracking/drone_tracking_cpp', 'symlink_install': False, 'test_result_base': None}
[0.512s] INFO:colcon.colcon_core.executor:Executing jobs using 'parallel' executor
[0.513s] DEBUG:colcon.colcon_parallel_executor.executor.parallel:run_until_complete
[0.514s] INFO:colcon.colcon_ros.task.ament_cmake.build:Building ROS package in '/home/lacea/ros2_ws/src/Drone-Tracking/drone_tracking_cpp' with build type 'ament_cmake'
[0.514s] INFO:colcon.colcon_cmake.task.cmake.build:Building CMake package in '/home/lacea/ros2_ws/src/Drone-Tracking/drone_tracking_cpp'
[0.521s] INFO:colcon.colcon_core.plugin_system:Skipping extension 'colcon_core.shell.bat': Not used on non-Windows systems
[0.522s] INFO:colcon.colcon_core.shell:Skip shell extension 'powershell' for command environment: Not usable outside of PowerShell
[0.522s] DEBUG:colcon.colcon_core.shell:Skip shell extension 'dsv' for command environment
[0.531s] DEBUG:colcon.colcon_core.event_handler.log_command:Invoking command in '/home/lacea/ros2_ws/src/Drone-Tracking/build/drone_tracking_cpp': CMAKE_PREFIX_PATH=${CMAKE_PREFIX_PATH}:/home/lacea/ros2_ws/install/drone_tracking_py:/opt/ros/humble /usr/bin/cmake /home/lacea/ros2_ws/src/Drone-Tracking/drone_tracking_cpp -DCMAKE_INSTALL_PREFIX=/home/lacea/ros2_ws/src/Drone-Tracking/install/drone_tracking_cpp
[2.975s] DEBUG:colcon.colcon_core.event_handler.log_command:Invoked command in '/home/lacea/ros2_ws/src/Drone-Tracking/build/drone_tracking_cpp' returned '0': CMAKE_PREFIX_PATH=${CMAKE_PREFIX_PATH}:/home/lacea/ros2_ws/install/drone_tracking_py:/opt/ros/humble /usr/bin/cmake /home/lacea/ros2_ws/src/Drone-Tracking/drone_tracking_cpp -DCMAKE_INSTALL_PREFIX=/home/lacea/ros2_ws/src/Drone-Tracking/install/drone_tracking_cpp
[2.975s] DEBUG:colcon.colcon_core.event_handler.log_command:Invoking command in '/home/lacea/ros2_ws/src/Drone-Tracking/build/drone_tracking_cpp': CMAKE_PREFIX_PATH=${CMAKE_PREFIX_PATH}:/home/lacea/ros2_ws/install/drone_tracking_py:/opt/ros/humble /usr/bin/cmake --build /home/lacea/ros2_ws/src/Drone-Tracking/build/drone_tracking_cpp -- -j4 -l4
[12.310s] DEBUG:colcon.colcon_core.event_handler.log_command:Invoked command in '/home/lacea/ros2_ws/src/Drone-Tracking/build/drone_tracking_cpp' returned '0': CMAKE_PREFIX_PATH=${CMAKE_PREFIX_PATH}:/home/lacea/ros2_ws/install/drone_tracking_py:/opt/ros/humble /usr/bin/cmake --build /home/lacea/ros2_ws/src/Drone-Tracking/build/drone_tracking_cpp -- -j4 -l4
[12.323s] DEBUG:colcon.colcon_core.event_handler.log_command:Invoking command in '/home/lacea/ros2_ws/src/Drone-Tracking/build/drone_tracking_cpp': CMAKE_PREFIX_PATH=${CMAKE_PREFIX_PATH}:/home/lacea/ros2_ws/install/drone_tracking_py:/opt/ros/humble /usr/bin/cmake --install /home/lacea/ros2_ws/src/Drone-Tracking/build/drone_tracking_cpp
[12.337s] Level 1:colcon.colcon_core.environment:create_environment_scripts_only(drone_tracking_cpp)
[12.338s] DEBUG:colcon.colcon_core.event_handler.log_command:Invoked command in '/home/lacea/ros2_ws/src/Drone-Tracking/build/drone_tracking_cpp' returned '0': CMAKE_PREFIX_PATH=${CMAKE_PREFIX_PATH}:/home/lacea/ros2_ws/install/drone_tracking_py:/opt/ros/humble /usr/bin/cmake --install /home/lacea/ros2_ws/src/Drone-Tracking/build/drone_tracking_cpp
[12.345s] Level 1:colcon.colcon_core.environment:checking '/home/lacea/ros2_ws/src/Drone-Tracking/install/drone_tracking_cpp' for CMake module files
[12.346s] Level 1:colcon.colcon_core.environment:checking '/home/lacea/ros2_ws/src/Drone-Tracking/install/drone_tracking_cpp' for CMake config files
[12.346s] Level 1:colcon.colcon_core.shell:create_environment_hook('drone_tracking_cpp', 'cmake_prefix_path')
[12.346s] INFO:colcon.colcon_core.shell:Creating environment hook '/home/lacea/ros2_ws/src/Drone-Tracking/install/drone_tracking_cpp/share/drone_tracking_cpp/hook/cmake_prefix_path.ps1'
[12.348s] INFO:colcon.colcon_core.shell:Creating environment descriptor '/home/lacea/ros2_ws/src/Drone-Tracking/install/drone_tracking_cpp/share/drone_tracking_cpp/hook/cmake_prefix_path.dsv'
[12.349s] INFO:colcon.colcon_core.shell:Creating environment hook '/home/lacea/ros2_ws/src/Drone-Tracking/install/drone_tracking_cpp/share/drone_tracking_cpp/hook/cmake_prefix_path.sh'
[12.350s] Level 1:colcon.colcon_core.environment:checking '/home/lacea/ros2_ws/src/Drone-Tracking/install/drone_tracking_cpp/lib'
[12.350s] Level 1:colcon.colcon_core.environment:checking '/home/lacea/ros2_ws/src/Drone-Tracking/install/drone_tracking_cpp/bin'
[12.350s] Level 1:colcon.colcon_core.environment:checking '/home/lacea/ros2_ws/src/Drone-Tracking/install/drone_tracking_cpp/lib/pkgconfig/drone_tracking_cpp.pc'
[12.351s] Level 1:colcon.colcon_core.environment:checking '/home/lacea/ros2_ws/src/Drone-Tracking/install/drone_tracking_cpp/lib/python3.10/site-packages'
[12.351s] Level 1:colcon.colcon_core.environment:checking '/home/lacea/ros2_ws/src/Drone-Tracking/install/drone_tracking_cpp/bin'
[12.351s] INFO:colcon.colcon_core.shell:Creating package script '/home/lacea/ros2_ws/src/Drone-Tracking/install/drone_tracking_cpp/share/drone_tracking_cpp/package.ps1'
[12.353s] INFO:colcon.colcon_core.shell:Creating package descriptor '/home/lacea/ros2_ws/src/Drone-Tracking/install/drone_tracking_cpp/share/drone_tracking_cpp/package.dsv'
[12.354s] INFO:colcon.colcon_core.shell:Creating package script '/home/lacea/ros2_ws/src/Drone-Tracking/install/drone_tracking_cpp/share/drone_tracking_cpp/package.sh'
[12.355s] INFO:colcon.colcon_core.shell:Creating package script '/home/lacea/ros2_ws/src/Drone-Tracking/install/drone_tracking_cpp/share/drone_tracking_cpp/package.bash'
[12.357s] INFO:colcon.colcon_core.shell:Creating package script '/home/lacea/ros2_ws/src/Drone-Tracking/install/drone_tracking_cpp/share/drone_tracking_cpp/package.zsh'
[12.358s] Level 1:colcon.colcon_core.environment:create_file_with_runtime_dependencies(/home/lacea/ros2_ws/src/Drone-Tracking/install/drone_tracking_cpp/share/colcon-core/packages/drone_tracking_cpp)
[12.359s] Level 1:colcon.colcon_core.environment:create_environment_scripts_only(drone_tracking_cpp)
[12.360s] Level 1:colcon.colcon_core.environment:checking '/home/lacea/ros2_ws/src/Drone-Tracking/install/drone_tracking_cpp' for CMake module files
[12.360s] Level 1:colcon.colcon_core.environment:checking '/home/lacea/ros2_ws/src/Drone-Tracking/install/drone_tracking_cpp' for CMake config files
[12.361s] Level 1:colcon.colcon_core.shell:create_environment_hook('drone_tracking_cpp', 'cmake_prefix_path')
[12.361s] INFO:colcon.colcon_core.shell:Creating environment hook '/home/lacea/ros2_ws/src/Drone-Tracking/install/drone_tracking_cpp/share/drone_tracking_cpp/hook/cmake_prefix_path.ps1'
[12.362s] INFO:colcon.colcon_core.shell:Creating environment descriptor '/home/lacea/ros2_ws/src/Drone-Tracking/install/drone_tracking_cpp/share/drone_tracking_cpp/hook/cmake_prefix_path.dsv'
[12.362s] INFO:colcon.colcon_core.shell:Creating environment hook '/home/lacea/ros2_ws/src/Drone-Tracking/install/drone_tracking_cpp/share/drone_tracking_cpp/hook/cmake_prefix_path.sh'
[12.363s] Level 1:colcon.colcon_core.environment:checking '/home/lacea/ros2_ws/src/Drone-Tracking/install/drone_tracking_cpp/lib'
[12.363s] Level 1:colcon.colcon_core.environment:checking '/home/lacea/ros2_ws/src/Drone-Tracking/install/drone_tracking_cpp/bin'
[12.363s] Level 1:colcon.colcon_core.environment:checking '/home/lacea/ros2_ws/src/Drone-Tracking/install/drone_tracking_cpp/lib/pkgconfig/drone_tracking_cpp.pc'
[12.364s] Level 1:colcon.colcon_core.environment:checking '/home/lacea/ros2_ws/src/Drone-Tracking/install/drone_tracking_cpp/lib/python3.10/site-packages'
[12.364s] Level 1:colcon.colcon_core.environment:checking '/home/lacea/ros2_ws/src/Drone-Tracking/install/drone_tracking_cpp/bin'
[12.364s] INFO:colcon.colcon_core.shell:Creating package script '/home/lacea/ros2_ws/src/Drone-Tracking/install/drone_tracking_cpp/share/drone_tracking_cpp/package.ps1'
[12.365s] INFO:colcon.colcon_core.shell:Creating package descriptor '/home/lacea/ros2_ws/src/Drone-Tracking/install/drone_tracking_cpp/share/drone_tracking_cpp/package.dsv'
[12.366s] INFO:colcon.colcon_core.shell:Creating package script '/home/lacea/ros2_ws/src/Drone-Tracking/install/drone_tracking_cpp/share/drone_tracking_cpp/package.sh'
[12.366s] INFO:colcon.colcon_core.shell:Creating package script '/home/lacea/ros2_ws/src/Drone-Tracking/install/drone_tracking_cpp/share/drone_tracking_cpp/package.bash'
[12.367s] INFO:colcon.colcon_core.shell:Creating package script '/home/lacea/ros2_ws/src/Drone-Tracking/install/drone_tracking_cpp/share/drone_tracking_cpp/package.zsh'
[12.367s] Level 1:colcon.colcon_core.environment:create_file_with_runtime_dependencies(/home/lacea/ros2_ws/src/Drone-Tracking/install/drone_tracking_cpp/share/colcon-core/packages/drone_tracking_cpp)
[12.368s] DEBUG:colcon.colcon_parallel_executor.executor.parallel:closing loop
[12.368s] DEBUG:colcon.colcon_parallel_executor.executor.parallel:loop closed
[12.368s] DEBUG:colcon.colcon_parallel_executor.executor.parallel:run_until_complete finished with '0'
[12.368s] DEBUG:colcon.colcon_core.event_reactor:joining thread
[12.377s] INFO:colcon.colcon_core.plugin_system:Skipping extension 'colcon_notification.desktop_notification.terminal_notifier': Not used on non-Darwin systems
[12.377s] INFO:colcon.colcon_core.plugin_system:Skipping extension 'colcon_notification.desktop_notification.win32': Not used on non-Windows systems
[12.377s] INFO:colcon.colcon_notification.desktop_notification:Sending desktop notification using 'notify2'
[12.407s] DEBUG:colcon.colcon_core.event_reactor:joined thread
[12.408s] INFO:colcon.colcon_core.shell:Creating prefix script '/home/lacea/ros2_ws/src/Drone-Tracking/install/local_setup.ps1'
[12.410s] INFO:colcon.colcon_core.shell:Creating prefix util module '/home/lacea/ros2_ws/src/Drone-Tracking/install/_local_setup_util_ps1.py'
[12.413s] INFO:colcon.colcon_core.shell:Creating prefix chain script '/home/lacea/ros2_ws/src/Drone-Tracking/install/setup.ps1'
[12.415s] INFO:colcon.colcon_core.shell:Creating prefix script '/home/lacea/ros2_ws/src/Drone-Tracking/install/local_setup.sh'
[12.416s] INFO:colcon.colcon_core.shell:Creating prefix util module '/home/lacea/ros2_ws/src/Drone-Tracking/install/_local_setup_util_sh.py'
[12.417s] INFO:colcon.colcon_core.shell:Creating prefix chain script '/home/lacea/ros2_ws/src/Drone-Tracking/install/setup.sh'
[12.420s] INFO:colcon.colcon_core.shell:Creating prefix script '/home/lacea/ros2_ws/src/Drone-Tracking/install/local_setup.bash'
[12.421s] INFO:colcon.colcon_core.shell:Creating prefix chain script '/home/lacea/ros2_ws/src/Drone-Tracking/install/setup.bash'
[12.424s] INFO:colcon.colcon_core.shell:Creating prefix script '/home/lacea/ros2_ws/src/Drone-Tracking/install/local_setup.zsh'
[12.425s] INFO:colcon.colcon_core.shell:Creating prefix chain script '/home/lacea/ros2_ws/src/Drone-Tracking/install/setup.zsh'
