-- The C compiler identification is GNU 11.4.0
-- The CXX compiler identification is GNU 11.4.0
-- Detecting C compiler ABI info
-- Detecting C compiler ABI info - done
-- Check for working C compiler: /usr/bin/cc - skipped
-- Detecting C compile features
-- Detecting C compile features - done
-- Detecting CXX compiler ABI info
-- Detecting CXX compiler ABI info - done
-- Check for working CXX compiler: /usr/bin/c++ - skipped
-- Detecting CXX compile features
-- Detecting CXX compile features - done
-- Found ament_cmake: 1.3.11 (/opt/ros/humble/share/ament_cmake/cmake)
-- Found Python3: /usr/bin/python3 (found version "3.10.12") found components: Interpreter 
-- Found rclcpp: 16.0.12 (/opt/ros/humble/share/rclcpp/cmake)
-- Found rosidl_generator_c: 3.1.6 (/opt/ros/humble/share/rosidl_generator_c/cmake)
-- Found rosidl_adapter: 3.1.6 (/opt/ros/humble/share/rosidl_adapter/cmake)
-- Found rosidl_generator_cpp: 3.1.6 (/opt/ros/humble/share/rosidl_generator_cpp/cmake)
-- Using all available rosidl_typesupport_c: rosidl_typesupport_fastrtps_c;rosidl_typesupport_introspection_c
-- Using all available rosidl_typesupport_cpp: rosidl_typesupport_fastrtps_cpp;rosidl_typesupport_introspection_cpp
-- Found rmw_implementation_cmake: 6.1.2 (/opt/ros/humble/share/rmw_implementation_cmake/cmake)
-- Found rmw_fastrtps_cpp: 6.2.7 (/opt/ros/humble/share/rmw_fastrtps_cpp/cmake)
-- Found OpenSSL: /usr/lib/x86_64-linux-gnu/libcrypto.so (found version "3.0.2")  
-- Found FastRTPS: /opt/ros/humble/include  
-- Using RMW implementation 'rmw_fastrtps_cpp' as default
-- Looking for pthread.h
-- Looking for pthread.h - found
-- Performing Test CMAKE_HAVE_LIBC_PTHREAD
-- Performing Test CMAKE_HAVE_LIBC_PTHREAD - Success
-- Found Threads: TRUE  
-- Found sensor_msgs: 4.8.0 (/opt/ros/humble/share/sensor_msgs/cmake)
-- Found cv_bridge: 3.2.1 (/opt/ros/humble/share/cv_bridge/cmake)
-- Found OpenCV: /usr (found version "4.5.4") 
-- Found OpenMP_C: -fopenmp (found version "4.5") 
-- Found OpenMP_CXX: -fopenmp (found version "4.5") 
-- Found OpenMP: TRUE (found version "4.5")  
-- Configuring done
-- Generating done
-- Build files have been written to: /home/lacea/ros2_ws/src/Drone-Tracking/build/drone_tracking_cpp
[ 50%] [32mBuilding CXX object CMakeFiles/tracking_node.dir/src/tracking_node.cpp.o[0m
[100%] [32m[1mLinking CXX executable tracking_node[0m
[100%] Built target tracking_node
-- Install configuration: ""
-- Installing: /home/lacea/ros2_ws/src/Drone-Tracking/install/drone_tracking_cpp/lib/drone_tracking_cpp/tracking_node
-- Set runtime path of "/home/lacea/ros2_ws/src/Drone-Tracking/install/drone_tracking_cpp/lib/drone_tracking_cpp/tracking_node" to ""
-- Installing: /home/lacea/ros2_ws/src/Drone-Tracking/install/drone_tracking_cpp/share/drone_tracking_cpp/package.xml
-- Installing: /home/lacea/ros2_ws/src/Drone-Tracking/install/drone_tracking_cpp/share/ament_index/resource_index/package_run_dependencies/drone_tracking_cpp
-- Installing: /home/lacea/ros2_ws/src/Drone-Tracking/install/drone_tracking_cpp/share/ament_index/resource_index/parent_prefix_path/drone_tracking_cpp
-- Installing: /home/lacea/ros2_ws/src/Drone-Tracking/install/drone_tracking_cpp/share/drone_tracking_cpp/environment/ament_prefix_path.sh
-- Installing: /home/lacea/ros2_ws/src/Drone-Tracking/install/drone_tracking_cpp/share/drone_tracking_cpp/environment/ament_prefix_path.dsv
-- Installing: /home/lacea/ros2_ws/src/Drone-Tracking/install/drone_tracking_cpp/share/drone_tracking_cpp/environment/path.sh
-- Installing: /home/lacea/ros2_ws/src/Drone-Tracking/install/drone_tracking_cpp/share/drone_tracking_cpp/environment/path.dsv
-- Installing: /home/lacea/ros2_ws/src/Drone-Tracking/install/drone_tracking_cpp/share/drone_tracking_cpp/local_setup.bash
-- Installing: /home/lacea/ros2_ws/src/Drone-Tracking/install/drone_tracking_cpp/share/drone_tracking_cpp/local_setup.sh
-- Installing: /home/lacea/ros2_ws/src/Drone-Tracking/install/drone_tracking_cpp/share/drone_tracking_cpp/local_setup.zsh
-- Installing: /home/lacea/ros2_ws/src/Drone-Tracking/install/drone_tracking_cpp/share/drone_tracking_cpp/local_setup.dsv
-- Installing: /home/lacea/ros2_ws/src/Drone-Tracking/install/drone_tracking_cpp/share/drone_tracking_cpp/package.dsv
-- Installing: /home/lacea/ros2_ws/src/Drone-Tracking/install/drone_tracking_cpp/share/ament_index/resource_index/packages/drone_tracking_cpp
-- Installing: /home/lacea/ros2_ws/src/Drone-Tracking/install/drone_tracking_cpp/share/drone_tracking_cpp/cmake/drone_tracking_cppConfig.cmake
-- Installing: /home/lacea/ros2_ws/src/Drone-Tracking/install/drone_tracking_cpp/share/drone_tracking_cpp/cmake/drone_tracking_cppConfig-version.cmake
-- Up-to-date: /home/lacea/ros2_ws/src/Drone-Tracking/install/drone_tracking_cpp/share/drone_tracking_cpp/package.xml
