[0.016s] Invoking command in '/home/lacea/ros2_ws/src/Drone-Tracking/build/drone_tracking_cpp': CMAKE_PREFIX_PATH=${CMAKE_PREFIX_PATH}:/home/lacea/ros2_ws/install/drone_tracking_py:/opt/ros/humble /usr/bin/cmake /home/lacea/ros2_ws/src/Drone-Tracking/drone_tracking_cpp -DCMAKE_INSTALL_PREFIX=/home/lacea/ros2_ws/src/Drone-Tracking/install/drone_tracking_cpp
[0.244s] -- The C compiler identification is GNU 11.4.0
[0.405s] -- The CXX compiler identification is GNU 11.4.0
[0.424s] -- Detecting C compiler ABI info
[0.529s] -- Detecting C compiler ABI info - done
[0.539s] -- Check for working C compiler: /usr/bin/cc - skipped
[0.540s] -- Detecting C compile features
[0.542s] -- Detecting C compile features - done
[0.548s] -- Detecting CXX compiler ABI info
[0.656s] -- Detecting CXX compiler ABI info - done
[0.666s] -- Check for working CXX compiler: /usr/bin/c++ - skipped
[0.666s] -- Detecting CXX compile features
[0.667s] -- Detecting CXX compile features - done
[0.671s] -- Found ament_cmake: 1.3.11 (/opt/ros/humble/share/ament_cmake/cmake)
[0.865s] -- Found Python3: /usr/bin/python3 (found version "3.10.12") found components: Interpreter 
[1.028s] -- Found rclcpp: 16.0.12 (/opt/ros/humble/share/rclcpp/cmake)
[1.115s] -- Found rosidl_generator_c: 3.1.6 (/opt/ros/humble/share/rosidl_generator_c/cmake)
[1.124s] -- Found rosidl_adapter: 3.1.6 (/opt/ros/humble/share/rosidl_adapter/cmake)
[1.142s] -- Found rosidl_generator_cpp: 3.1.6 (/opt/ros/humble/share/rosidl_generator_cpp/cmake)
[1.169s] -- Using all available rosidl_typesupport_c: rosidl_typesupport_fastrtps_c;rosidl_typesupport_introspection_c
[1.198s] -- Using all available rosidl_typesupport_cpp: rosidl_typesupport_fastrtps_cpp;rosidl_typesupport_introspection_cpp
[1.281s] -- Found rmw_implementation_cmake: 6.1.2 (/opt/ros/humble/share/rmw_implementation_cmake/cmake)
[1.287s] -- Found rmw_fastrtps_cpp: 6.2.7 (/opt/ros/humble/share/rmw_fastrtps_cpp/cmake)
[1.435s] -- Found OpenSSL: /usr/lib/x86_64-linux-gnu/libcrypto.so (found version "3.0.2")  
[1.483s] -- Found FastRTPS: /opt/ros/humble/include  
[1.537s] -- Using RMW implementation 'rmw_fastrtps_cpp' as default
[1.556s] -- Looking for pthread.h
[1.638s] -- Looking for pthread.h - found
[1.639s] -- Performing Test CMAKE_HAVE_LIBC_PTHREAD
[1.727s] -- Performing Test CMAKE_HAVE_LIBC_PTHREAD - Success
[1.729s] -- Found Threads: TRUE  
[1.834s] -- Found sensor_msgs: 4.8.0 (/opt/ros/humble/share/sensor_msgs/cmake)
[1.889s] -- Found cv_bridge: 3.2.1 (/opt/ros/humble/share/cv_bridge/cmake)
[1.911s] -- Found OpenCV: /usr (found version "4.5.4") 
[2.227s] -- Found OpenMP_C: -fopenmp (found version "4.5") 
[2.327s] -- Found OpenMP_CXX: -fopenmp (found version "4.5") 
[2.327s] -- Found OpenMP: TRUE (found version "4.5")  
[2.419s] -- Configuring done
[2.439s] -- Generating done
[2.445s] -- Build files have been written to: /home/lacea/ros2_ws/src/Drone-Tracking/build/drone_tracking_cpp
[2.459s] Invoked command in '/home/lacea/ros2_ws/src/Drone-Tracking/build/drone_tracking_cpp' returned '0': CMAKE_PREFIX_PATH=${CMAKE_PREFIX_PATH}:/home/lacea/ros2_ws/install/drone_tracking_py:/opt/ros/humble /usr/bin/cmake /home/lacea/ros2_ws/src/Drone-Tracking/drone_tracking_cpp -DCMAKE_INSTALL_PREFIX=/home/lacea/ros2_ws/src/Drone-Tracking/install/drone_tracking_cpp
[2.461s] Invoking command in '/home/lacea/ros2_ws/src/Drone-Tracking/build/drone_tracking_cpp': CMAKE_PREFIX_PATH=${CMAKE_PREFIX_PATH}:/home/lacea/ros2_ws/install/drone_tracking_py:/opt/ros/humble /usr/bin/cmake --build /home/lacea/ros2_ws/src/Drone-Tracking/build/drone_tracking_cpp -- -j4 -l4
[2.520s] [ 50%] [32mBuilding CXX object CMakeFiles/tracking_node.dir/src/tracking_node.cpp.o[0m
[10.639s] [100%] [32m[1mLinking CXX executable tracking_node[0m
[11.782s] [100%] Built target tracking_node
[11.795s] Invoked command in '/home/lacea/ros2_ws/src/Drone-Tracking/build/drone_tracking_cpp' returned '0': CMAKE_PREFIX_PATH=${CMAKE_PREFIX_PATH}:/home/lacea/ros2_ws/install/drone_tracking_py:/opt/ros/humble /usr/bin/cmake --build /home/lacea/ros2_ws/src/Drone-Tracking/build/drone_tracking_cpp -- -j4 -l4
[11.808s] Invoking command in '/home/lacea/ros2_ws/src/Drone-Tracking/build/drone_tracking_cpp': CMAKE_PREFIX_PATH=${CMAKE_PREFIX_PATH}:/home/lacea/ros2_ws/install/drone_tracking_py:/opt/ros/humble /usr/bin/cmake --install /home/lacea/ros2_ws/src/Drone-Tracking/build/drone_tracking_cpp
[11.816s] -- Install configuration: ""
[11.816s] -- Installing: /home/lacea/ros2_ws/src/Drone-Tracking/install/drone_tracking_cpp/lib/drone_tracking_cpp/tracking_node
[11.818s] -- Set runtime path of "/home/lacea/ros2_ws/src/Drone-Tracking/install/drone_tracking_cpp/lib/drone_tracking_cpp/tracking_node" to ""
[11.818s] -- Installing: /home/lacea/ros2_ws/src/Drone-Tracking/install/drone_tracking_cpp/share/drone_tracking_cpp/package.xml
[11.818s] -- Installing: /home/lacea/ros2_ws/src/Drone-Tracking/install/drone_tracking_cpp/share/ament_index/resource_index/package_run_dependencies/drone_tracking_cpp
[11.819s] -- Installing: /home/lacea/ros2_ws/src/Drone-Tracking/install/drone_tracking_cpp/share/ament_index/resource_index/parent_prefix_path/drone_tracking_cpp
[11.819s] -- Installing: /home/lacea/ros2_ws/src/Drone-Tracking/install/drone_tracking_cpp/share/drone_tracking_cpp/environment/ament_prefix_path.sh
[11.819s] -- Installing: /home/lacea/ros2_ws/src/Drone-Tracking/install/drone_tracking_cpp/share/drone_tracking_cpp/environment/ament_prefix_path.dsv
[11.819s] -- Installing: /home/lacea/ros2_ws/src/Drone-Tracking/install/drone_tracking_cpp/share/drone_tracking_cpp/environment/path.sh
[11.819s] -- Installing: /home/lacea/ros2_ws/src/Drone-Tracking/install/drone_tracking_cpp/share/drone_tracking_cpp/environment/path.dsv
[11.819s] -- Installing: /home/lacea/ros2_ws/src/Drone-Tracking/install/drone_tracking_cpp/share/drone_tracking_cpp/local_setup.bash
[11.820s] -- Installing: /home/lacea/ros2_ws/src/Drone-Tracking/install/drone_tracking_cpp/share/drone_tracking_cpp/local_setup.sh
[11.820s] -- Installing: /home/lacea/ros2_ws/src/Drone-Tracking/install/drone_tracking_cpp/share/drone_tracking_cpp/local_setup.zsh
[11.820s] -- Installing: /home/lacea/ros2_ws/src/Drone-Tracking/install/drone_tracking_cpp/share/drone_tracking_cpp/local_setup.dsv
[11.820s] -- Installing: /home/lacea/ros2_ws/src/Drone-Tracking/install/drone_tracking_cpp/share/drone_tracking_cpp/package.dsv
[11.820s] -- Installing: /home/lacea/ros2_ws/src/Drone-Tracking/install/drone_tracking_cpp/share/ament_index/resource_index/packages/drone_tracking_cpp
[11.820s] -- Installing: /home/lacea/ros2_ws/src/Drone-Tracking/install/drone_tracking_cpp/share/drone_tracking_cpp/cmake/drone_tracking_cppConfig.cmake
[11.820s] -- Installing: /home/lacea/ros2_ws/src/Drone-Tracking/install/drone_tracking_cpp/share/drone_tracking_cpp/cmake/drone_tracking_cppConfig-version.cmake
[11.821s] -- Up-to-date: /home/lacea/ros2_ws/src/Drone-Tracking/install/drone_tracking_cpp/share/drone_tracking_cpp/package.xml
[11.824s] Invoked command in '/home/lacea/ros2_ws/src/Drone-Tracking/build/drone_tracking_cpp' returned '0': CMAKE_PREFIX_PATH=${CMAKE_PREFIX_PATH}:/home/lacea/ros2_ws/install/drone_tracking_py:/opt/ros/humble /usr/bin/cmake --install /home/lacea/ros2_ws/src/Drone-Tracking/build/drone_tracking_cpp
