-- Found ament_cmake: 1.3.11 (/opt/ros/humble/share/ament_cmake/cmake)
-- Found rclcpp: 16.0.12 (/opt/ros/humble/share/rclcpp/cmake)
-- Found rosidl_generator_c: 3.1.6 (/opt/ros/humble/share/rosidl_generator_c/cmake)
-- Found rosidl_adapter: 3.1.6 (/opt/ros/humble/share/rosidl_adapter/cmake)
-- Found rosidl_generator_cpp: 3.1.6 (/opt/ros/humble/share/rosidl_generator_cpp/cmake)
-- Using all available rosidl_typesupport_c: rosidl_typesupport_fastrtps_c;rosidl_typesupport_introspection_c
-- Using all available rosidl_typesupport_cpp: rosidl_typesupport_fastrtps_cpp;rosidl_typesupport_introspection_cpp
-- Found rmw_implementation_cmake: 6.1.2 (/opt/ros/humble/share/rmw_implementation_cmake/cmake)
-- Found rmw_fastrtps_cpp: 6.2.7 (/opt/ros/humble/share/rmw_fastrtps_cpp/cmake)
-- Using RMW implementation 'rmw_fastrtps_cpp' as default
-- Found sensor_msgs: 4.8.0 (/opt/ros/humble/share/sensor_msgs/cmake)
-- Found cv_bridge: 3.2.1 (/opt/ros/humble/share/cv_bridge/cmake)
-- Configuring done
-- Generating done
-- Build files have been written to: /home/lacea/ros2_ws/src/Drone-Tracking/build/drone_tracking_cpp
[35m[1mConsolidate compiler generated dependencies of target tracking_node[0m
[ 50%] [32mBuilding CXX object CMakeFiles/tracking_node.dir/src/tracking_node.cpp.o[0m
[100%] [32m[1mLinking CXX executable tracking_node[0m
[100%] Built target tracking_node
-- Install configuration: ""
-- Installing: /home/lacea/ros2_ws/src/Drone-Tracking/install/drone_tracking_cpp/lib/drone_tracking_cpp/tracking_node
-- Set runtime path of "/home/lacea/ros2_ws/src/Drone-Tracking/install/drone_tracking_cpp/lib/drone_tracking_cpp/tracking_node" to ""
-- Up-to-date: /home/lacea/ros2_ws/src/Drone-Tracking/install/drone_tracking_cpp/share/drone_tracking_cpp/package.xml
-- Up-to-date: /home/lacea/ros2_ws/src/Drone-Tracking/install/drone_tracking_cpp/share/ament_index/resource_index/package_run_dependencies/drone_tracking_cpp
-- Up-to-date: /home/lacea/ros2_ws/src/Drone-Tracking/install/drone_tracking_cpp/share/ament_index/resource_index/parent_prefix_path/drone_tracking_cpp
-- Up-to-date: /home/lacea/ros2_ws/src/Drone-Tracking/install/drone_tracking_cpp/share/drone_tracking_cpp/environment/ament_prefix_path.sh
-- Installing: /home/lacea/ros2_ws/src/Drone-Tracking/install/drone_tracking_cpp/share/drone_tracking_cpp/environment/ament_prefix_path.dsv
-- Up-to-date: /home/lacea/ros2_ws/src/Drone-Tracking/install/drone_tracking_cpp/share/drone_tracking_cpp/environment/path.sh
-- Installing: /home/lacea/ros2_ws/src/Drone-Tracking/install/drone_tracking_cpp/share/drone_tracking_cpp/environment/path.dsv
-- Up-to-date: /home/lacea/ros2_ws/src/Drone-Tracking/install/drone_tracking_cpp/share/drone_tracking_cpp/local_setup.bash
-- Up-to-date: /home/lacea/ros2_ws/src/Drone-Tracking/install/drone_tracking_cpp/share/drone_tracking_cpp/local_setup.sh
-- Up-to-date: /home/lacea/ros2_ws/src/Drone-Tracking/install/drone_tracking_cpp/share/drone_tracking_cpp/local_setup.zsh
-- Installing: /home/lacea/ros2_ws/src/Drone-Tracking/install/drone_tracking_cpp/share/drone_tracking_cpp/local_setup.dsv
-- Installing: /home/lacea/ros2_ws/src/Drone-Tracking/install/drone_tracking_cpp/share/drone_tracking_cpp/package.dsv
-- Up-to-date: /home/lacea/ros2_ws/src/Drone-Tracking/install/drone_tracking_cpp/share/ament_index/resource_index/packages/drone_tracking_cpp
-- Up-to-date: /home/lacea/ros2_ws/src/Drone-Tracking/install/drone_tracking_cpp/share/drone_tracking_cpp/cmake/drone_tracking_cppConfig.cmake
-- Up-to-date: /home/lacea/ros2_ws/src/Drone-Tracking/install/drone_tracking_cpp/share/drone_tracking_cpp/cmake/drone_tracking_cppConfig-version.cmake
-- Up-to-date: /home/lacea/ros2_ws/src/Drone-Tracking/install/drone_tracking_cpp/share/drone_tracking_cpp/package.xml
