[0.011s] Invoking command in '/home/lacea/ros2_ws/src/Drone-Tracking/build/drone_tracking_cpp': CMAKE_PREFIX_PATH=${CMAKE_PREFIX_PATH}:/home/lacea/ros2_ws/install/drone_tracking_py:/opt/ros/humble /usr/bin/cmake --build /home/lacea/ros2_ws/src/Drone-Tracking/build/drone_tracking_cpp -- -j4 -l4
[0.042s] -- Found ament_cmake: 1.3.11 (/opt/ros/humble/share/ament_cmake/cmake)
[0.201s] -- Found rclcpp: 16.0.12 (/opt/ros/humble/share/rclcpp/cmake)
[0.241s] -- Found rosidl_generator_c: 3.1.6 (/opt/ros/humble/share/rosidl_generator_c/cmake)
[0.245s] -- Found rosidl_adapter: 3.1.6 (/opt/ros/humble/share/rosidl_adapter/cmake)
[0.254s] -- Found rosidl_generator_cpp: 3.1.6 (/opt/ros/humble/share/rosidl_generator_cpp/cmake)
[0.267s] -- Using all available rosidl_typesupport_c: rosidl_typesupport_fastrtps_c;rosidl_typesupport_introspection_c
[0.284s] -- Using all available rosidl_typesupport_cpp: rosidl_typesupport_fastrtps_cpp;rosidl_typesupport_introspection_cpp
[0.326s] -- Found rmw_implementation_cmake: 6.1.2 (/opt/ros/humble/share/rmw_implementation_cmake/cmake)
[0.328s] -- Found rmw_fastrtps_cpp: 6.2.7 (/opt/ros/humble/share/rmw_fastrtps_cpp/cmake)
[0.447s] -- Using RMW implementation 'rmw_fastrtps_cpp' as default
[0.509s] -- Found sensor_msgs: 4.8.0 (/opt/ros/humble/share/sensor_msgs/cmake)
[0.546s] -- Found cv_bridge: 3.2.1 (/opt/ros/humble/share/cv_bridge/cmake)
[0.652s] -- Configuring done
[0.667s] -- Generating done
[0.672s] -- Build files have been written to: /home/lacea/ros2_ws/src/Drone-Tracking/build/drone_tracking_cpp
[0.705s] [35m[1mConsolidate compiler generated dependencies of target tracking_node[0m
[0.731s] [ 50%] [32mBuilding CXX object CMakeFiles/tracking_node.dir/src/tracking_node.cpp.o[0m
[8.084s] [100%] [32m[1mLinking CXX executable tracking_node[0m
[8.639s] [100%] Built target tracking_node
[8.655s] Invoked command in '/home/lacea/ros2_ws/src/Drone-Tracking/build/drone_tracking_cpp' returned '0': CMAKE_PREFIX_PATH=${CMAKE_PREFIX_PATH}:/home/lacea/ros2_ws/install/drone_tracking_py:/opt/ros/humble /usr/bin/cmake --build /home/lacea/ros2_ws/src/Drone-Tracking/build/drone_tracking_cpp -- -j4 -l4
[8.667s] Invoking command in '/home/lacea/ros2_ws/src/Drone-Tracking/build/drone_tracking_cpp': CMAKE_PREFIX_PATH=${CMAKE_PREFIX_PATH}:/home/lacea/ros2_ws/install/drone_tracking_py:/opt/ros/humble /usr/bin/cmake --install /home/lacea/ros2_ws/src/Drone-Tracking/build/drone_tracking_cpp
[8.677s] -- Install configuration: ""
[8.677s] -- Installing: /home/lacea/ros2_ws/src/Drone-Tracking/install/drone_tracking_cpp/lib/drone_tracking_cpp/tracking_node
[8.679s] -- Set runtime path of "/home/lacea/ros2_ws/src/Drone-Tracking/install/drone_tracking_cpp/lib/drone_tracking_cpp/tracking_node" to ""
[8.679s] -- Up-to-date: /home/lacea/ros2_ws/src/Drone-Tracking/install/drone_tracking_cpp/share/drone_tracking_cpp/package.xml
[8.679s] -- Up-to-date: /home/lacea/ros2_ws/src/Drone-Tracking/install/drone_tracking_cpp/share/ament_index/resource_index/package_run_dependencies/drone_tracking_cpp
[8.679s] -- Up-to-date: /home/lacea/ros2_ws/src/Drone-Tracking/install/drone_tracking_cpp/share/ament_index/resource_index/parent_prefix_path/drone_tracking_cpp
[8.680s] -- Up-to-date: /home/lacea/ros2_ws/src/Drone-Tracking/install/drone_tracking_cpp/share/drone_tracking_cpp/environment/ament_prefix_path.sh
[8.680s] -- Installing: /home/lacea/ros2_ws/src/Drone-Tracking/install/drone_tracking_cpp/share/drone_tracking_cpp/environment/ament_prefix_path.dsv
[8.680s] -- Up-to-date: /home/lacea/ros2_ws/src/Drone-Tracking/install/drone_tracking_cpp/share/drone_tracking_cpp/environment/path.sh
[8.680s] -- Installing: /home/lacea/ros2_ws/src/Drone-Tracking/install/drone_tracking_cpp/share/drone_tracking_cpp/environment/path.dsv
[8.680s] -- Up-to-date: /home/lacea/ros2_ws/src/Drone-Tracking/install/drone_tracking_cpp/share/drone_tracking_cpp/local_setup.bash
[8.680s] -- Up-to-date: /home/lacea/ros2_ws/src/Drone-Tracking/install/drone_tracking_cpp/share/drone_tracking_cpp/local_setup.sh
[8.680s] -- Up-to-date: /home/lacea/ros2_ws/src/Drone-Tracking/install/drone_tracking_cpp/share/drone_tracking_cpp/local_setup.zsh
[8.681s] -- Installing: /home/lacea/ros2_ws/src/Drone-Tracking/install/drone_tracking_cpp/share/drone_tracking_cpp/local_setup.dsv
[8.681s] -- Installing: /home/lacea/ros2_ws/src/Drone-Tracking/install/drone_tracking_cpp/share/drone_tracking_cpp/package.dsv
[8.681s] -- Up-to-date: /home/lacea/ros2_ws/src/Drone-Tracking/install/drone_tracking_cpp/share/ament_index/resource_index/packages/drone_tracking_cpp
[8.681s] -- Up-to-date: /home/lacea/ros2_ws/src/Drone-Tracking/install/drone_tracking_cpp/share/drone_tracking_cpp/cmake/drone_tracking_cppConfig.cmake
[8.681s] -- Up-to-date: /home/lacea/ros2_ws/src/Drone-Tracking/install/drone_tracking_cpp/share/drone_tracking_cpp/cmake/drone_tracking_cppConfig-version.cmake
[8.681s] -- Up-to-date: /home/lacea/ros2_ws/src/Drone-Tracking/install/drone_tracking_cpp/share/drone_tracking_cpp/package.xml
[8.683s] Invoked command in '/home/lacea/ros2_ws/src/Drone-Tracking/build/drone_tracking_cpp' returned '0': CMAKE_PREFIX_PATH=${CMAKE_PREFIX_PATH}:/home/lacea/ros2_ws/install/drone_tracking_py:/opt/ros/humble /usr/bin/cmake --install /home/lacea/ros2_ws/src/Drone-Tracking/build/drone_tracking_cpp
